This is pdfTeX, Version 3.14159265-2.6-1.40.16 (TeX Live 2015/Debian) (preloaded format=pdflatex 2018.10.28)  5 APR 2019 12:46
entering extended mode
 restricted \write18 enabled.
 %&-line parsing enabled.
**fyp-report.tex
(./fyp-report.tex
LaTeX2e <2016/02/01>
Babel <3.9q> and hyphenation patterns for 5 language(s) loaded.
(/usr/share/texlive/texmf-dist/tex/latex/base/report.cls
Document Class: report 2014/09/29 v1.4h Standard LaTeX document class
(/usr/share/texlive/texmf-dist/tex/latex/base/size12.clo
File: size12.clo 2014/09/29 v1.4h Standard LaTeX file (size option)
)
\c@part=\count79
\c@chapter=\count80
\c@section=\count81
\c@subsection=\count82
\c@subsubsection=\count83
\c@paragraph=\count84
\c@subparagraph=\count85
\c@figure=\count86
\c@table=\count87
\abovecaptionskip=\skip41
\belowcaptionskip=\skip42
\bibindent=\dimen102
)
(/usr/share/texlive/texmf-dist/tex/latex/graphics/graphicx.sty
Package: graphicx 2014/10/28 v1.0g Enhanced LaTeX Graphics (DPC,SPQR)

(/usr/share/texlive/texmf-dist/tex/latex/graphics/keyval.sty
Package: keyval 2014/10/28 v1.15 key=value parser (DPC)
\KV@toks@=\toks14
)
(/usr/share/texlive/texmf-dist/tex/latex/graphics/graphics.sty
Package: graphics 2016/01/03 v1.0q Standard LaTeX Graphics (DPC,SPQR)

(/usr/share/texlive/texmf-dist/tex/latex/graphics/trig.sty
Package: trig 2016/01/03 v1.10 sin cos tan (DPC)
)
(/usr/share/texlive/texmf-dist/tex/latex/latexconfig/graphics.cfg
File: graphics.cfg 2010/04/23 v1.9 graphics configuration of TeX Live
)
Package graphics Info: Driver file: pdftex.def on input line 95.

(/usr/share/texlive/texmf-dist/tex/latex/pdftex-def/pdftex.def
File: pdftex.def 2011/05/27 v0.06d Graphics/color for pdfTeX

(/usr/share/texlive/texmf-dist/tex/generic/oberdiek/infwarerr.sty
Package: infwarerr 2010/04/08 v1.3 Providing info/warning/error messages (HO)
)
(/usr/share/texlive/texmf-dist/tex/generic/oberdiek/ltxcmds.sty
Package: ltxcmds 2011/11/09 v1.22 LaTeX kernel commands for general use (HO)
)
\Gread@gobject=\count88
))
\Gin@req@height=\dimen103
\Gin@req@width=\dimen104
)
(/usr/share/texlive/texmf-dist/tex/latex/biblatex/biblatex.sty
Package: biblatex 2016/03/03 v3.3 programmable bibliographies (PK/JW/AB)

(/usr/share/texlive/texmf-dist/tex/latex/biblatex/biblatex_.sty
Package: biblatex_ 2016/03/03 v3.3 programmable bibliographies (biber) (PK/JW/A
B)

(/usr/share/texlive/texmf-dist/tex/latex/etoolbox/etoolbox.sty
Package: etoolbox 2015/08/02 v2.2a e-TeX tools for LaTeX (JAW)
\etb@tempcnta=\count89
)
(/usr/share/texlive/texmf-dist/tex/latex/oberdiek/kvoptions.sty
Package: kvoptions 2011/06/30 v3.11 Key value format for package options (HO)

(/usr/share/texlive/texmf-dist/tex/generic/oberdiek/kvsetkeys.sty
Package: kvsetkeys 2012/04/25 v1.16 Key value parser (HO)

(/usr/share/texlive/texmf-dist/tex/generic/oberdiek/etexcmds.sty
Package: etexcmds 2011/02/16 v1.5 Avoid name clashes with e-TeX commands (HO)

(/usr/share/texlive/texmf-dist/tex/generic/oberdiek/ifluatex.sty
Package: ifluatex 2010/03/01 v1.3 Provides the ifluatex switch (HO)
Package ifluatex Info: LuaTeX not detected.
)
Package etexcmds Info: Could not find \expanded.
(etexcmds)             That can mean that you are not using pdfTeX 1.50 or
(etexcmds)             that some package has redefined \expanded.
(etexcmds)             In the latter case, load this package earlier.
)))
(/usr/share/texlive/texmf-dist/tex/latex/logreq/logreq.sty
Package: logreq 2010/08/04 v1.0 xml request logger
\lrq@indent=\count90

(/usr/share/texlive/texmf-dist/tex/latex/logreq/logreq.def
File: logreq.def 2010/08/04 v1.0 logreq spec v1.0
))
(/usr/share/texlive/texmf-dist/tex/latex/base/ifthen.sty
Package: ifthen 2014/09/29 v1.1c Standard LaTeX ifthen package (DPC)
)
(/usr/share/texlive/texmf-dist/tex/latex/url/url.sty
\Urlmuskip=\muskip10
Package: url 2013/09/16  ver 3.4  Verb mode for urls, etc.
)
\c@tabx@nest=\count91
\c@listtotal=\count92
\c@listcount=\count93
\c@liststart=\count94
\c@liststop=\count95
\c@citecount=\count96
\c@citetotal=\count97
\c@multicitecount=\count98
\c@multicitetotal=\count99
\c@instcount=\count100
\c@maxnames=\count101
\c@minnames=\count102
\c@maxitems=\count103
\c@minitems=\count104
\c@citecounter=\count105
\c@savedcitecounter=\count106
\c@uniquelist=\count107
\c@uniquename=\count108
\c@refsection=\count109
\c@refsegment=\count110
\c@maxextratitle=\count111
\c@maxextratitleyear=\count112
\c@maxextrayear=\count113
\c@maxextraalpha=\count114
\c@abbrvpenalty=\count115
\c@highnamepenalty=\count116
\c@lownamepenalty=\count117
\c@maxparens=\count118
\c@parenlevel=\count119
\blx@tempcnta=\count120
\blx@tempcntb=\count121
\blx@tempcntc=\count122
\blx@maxsection=\count123
\blx@maxsegment@0=\count124
\blx@notetype=\count125
\blx@parenlevel@text=\count126
\blx@parenlevel@foot=\count127
\blx@sectionciteorder@0=\count128
\labelnumberwidth=\skip43
\labelalphawidth=\skip44
\biblabelsep=\skip45
\bibitemsep=\skip46
\bibnamesep=\skip47
\bibinitsep=\skip48
\bibparsep=\skip49
\bibhang=\skip50
\blx@bcfin=\read1
\blx@bcfout=\write3
\c@mincomprange=\count129
\c@maxcomprange=\count130
\c@mincompwidth=\count131
Package biblatex Info: Trying to load biblatex default data model...
Package biblatex Info: ... file 'blx-dm.def' found.

(/usr/share/texlive/texmf-dist/tex/latex/biblatex/blx-dm.def)
Package biblatex Info: Trying to load biblatex style data model...
Package biblatex Info: ... file 'authoryear.dbx' not found.
Package biblatex Info: Trying to load biblatex custom data model...
Package biblatex Info: ... file 'biblatex-dm.cfg' not found.
\c@afterword=\count132
\c@savedafterword=\count133
\c@annotator=\count134
\c@savedannotator=\count135
\c@author=\count136
\c@savedauthor=\count137
\c@bookauthor=\count138
\c@savedbookauthor=\count139
\c@commentator=\count140
\c@savedcommentator=\count141
\c@editor=\count142
\c@savededitor=\count143
\c@editora=\count144
\c@savededitora=\count145
\c@editorb=\count146
\c@savededitorb=\count147
\c@editorc=\count148
\c@savededitorc=\count149
\c@foreword=\count150
\c@savedforeword=\count151
\c@holder=\count152
\c@savedholder=\count153
\c@introduction=\count154
\c@savedintroduction=\count155
\c@namea=\count156
\c@savednamea=\count157
\c@nameb=\count158
\c@savednameb=\count159
\c@namec=\count160
\c@savednamec=\count161
\c@translator=\count162
\c@savedtranslator=\count163
\c@shortauthor=\count164
\c@savedshortauthor=\count165
\c@shorteditor=\count166
\c@savedshorteditor=\count167
\c@labelname=\count168
\c@savedlabelname=\count169
\c@institution=\count170
\c@savedinstitution=\count171
\c@lista=\count172
\c@savedlista=\count173
\c@listb=\count174
\c@savedlistb=\count175
\c@listc=\count176
\c@savedlistc=\count177
\c@listd=\count178
\c@savedlistd=\count179
\c@liste=\count180
\c@savedliste=\count181
\c@listf=\count182
\c@savedlistf=\count183
\c@location=\count184
\c@savedlocation=\count185
\c@organization=\count186
\c@savedorganization=\count187
\c@origlocation=\count188
\c@savedoriglocation=\count189
\c@origpublisher=\count190
\c@savedorigpublisher=\count191
\c@publisher=\count192
\c@savedpublisher=\count193
\c@language=\count194
\c@savedlanguage=\count195
\c@pageref=\count196
\c@savedpageref=\count197
\shorthandwidth=\skip51
\shortjournalwidth=\skip52
\shortserieswidth=\skip53
\shorttitlewidth=\skip54
\shortauthorwidth=\skip55
\shorteditorwidth=\skip56
Package biblatex Info: Trying to load compatibility code...
Package biblatex Info: ... file 'blx-compat.def' found.

(/usr/share/texlive/texmf-dist/tex/latex/biblatex/blx-compat.def
File: blx-compat.def 2016/03/03 v3.3 biblatex compatibility (PK/JW/AB)
)
Package biblatex Info: Trying to load generic definitions...
Package biblatex Info: ... file 'biblatex_.def' found.

(/usr/share/texlive/texmf-dist/tex/latex/biblatex/biblatex_.def
File: biblatex_.def 
\c@textcitecount=\count198
\c@textcitetotal=\count199
\c@textcitemaxnames=\count266
\c@biburlnumpenalty=\count267
\c@biburlucpenalty=\count268
\c@biburllcpenalty=\count269
\c@smartand=\count270
)
Package biblatex Info: Trying to load natbib compatibility...
Package biblatex Info: ... file 'blx-natbib.def' found.

(/usr/share/texlive/texmf-dist/tex/latex/biblatex/blx-natbib.def
File: blx-natbib.def 2016/03/03 v3.3 biblatex compatibility (PK/JW/AB)
)
Package biblatex Info: Trying to load bibliography style 'authoryear'...
Package biblatex Info: ... file 'authoryear.bbx' found.

(/usr/share/texlive/texmf-dist/tex/latex/biblatex/bbx/authoryear.bbx
File: authoryear.bbx 2016/03/03 v3.3 biblatex bibliography style (PK/JW/AB)
Package biblatex Info: Trying to load bibliography style 'standard'...
Package biblatex Info: ... file 'standard.bbx' found.

(/usr/share/texlive/texmf-dist/tex/latex/biblatex/bbx/standard.bbx
File: standard.bbx 2016/03/03 v3.3 biblatex bibliography style (PK/JW/AB)
\c@bbx:relatedcount=\count271
\c@bbx:relatedtotal=\count272
))
Package biblatex Info: Trying to load citation style 'authoryear'...
Package biblatex Info: ... file 'authoryear.cbx' found.

(/usr/share/texlive/texmf-dist/tex/latex/biblatex/cbx/authoryear.cbx
File: authoryear.cbx 2016/03/03 v3.3 biblatex citation style (PK/JW/AB)
Package biblatex Info: Redefining '\cite'.
Package biblatex Info: Redefining '\parencite'.
Package biblatex Info: Redefining '\footcite'.
Package biblatex Info: Redefining '\footcitetext'.
Package biblatex Info: Redefining '\smartcite'.
Package biblatex Info: Redefining '\textcite'.
Package biblatex Info: Redefining '\textcites'.
)
Package biblatex Info: Trying to load configuration file...
Package biblatex Info: ... file 'biblatex.cfg' found.

(/usr/share/texlive/texmf-dist/tex/latex/biblatex/biblatex.cfg
File: biblatex.cfg 
)))
Package biblatex Info: Redefining '\parencite' on input line 5.
Package biblatex Info: Trying to load language 'english'...
Package biblatex Info: ... file 'english.lbx' found.

(/usr/share/texlive/texmf-dist/tex/latex/biblatex/lbx/english.lbx
File: english.lbx 2016/03/03 v3.3 biblatex localization (PK/JW/AB)
)
\@quotelevel=\count273
\@quotereset=\count274

(./fyp-report.aux)
\openout1 = `fyp-report.aux'.

LaTeX Font Info:    Checking defaults for OML/cmm/m/it on input line 15.
LaTeX Font Info:    ... okay on input line 15.
LaTeX Font Info:    Checking defaults for T1/cmr/m/n on input line 15.
LaTeX Font Info:    ... okay on input line 15.
LaTeX Font Info:    Checking defaults for OT1/cmr/m/n on input line 15.
LaTeX Font Info:    ... okay on input line 15.
LaTeX Font Info:    Checking defaults for OMS/cmsy/m/n on input line 15.
LaTeX Font Info:    ... okay on input line 15.
LaTeX Font Info:    Checking defaults for OMX/cmex/m/n on input line 15.
LaTeX Font Info:    ... okay on input line 15.
LaTeX Font Info:    Checking defaults for U/cmr/m/n on input line 15.
LaTeX Font Info:    ... okay on input line 15.

(/usr/share/texlive/texmf-dist/tex/context/base/supp-pdf.mkii
[Loading MPS to PDF converter (version 2006.09.02).]
\scratchcounter=\count275
\scratchdimen=\dimen105
\scratchbox=\box26
\nofMPsegments=\count276
\nofMParguments=\count277
\everyMPshowfont=\toks15
\MPscratchCnt=\count278
\MPscratchDim=\dimen106
\MPnumerator=\count279
\makeMPintoPDFobject=\count280
\everyMPtoPDFconversion=\toks16
) (/usr/share/texlive/texmf-dist/tex/generic/oberdiek/pdftexcmds.sty
Package: pdftexcmds 2011/11/29 v0.20 Utility functions of pdfTeX for LuaTeX (HO
)

(/usr/share/texlive/texmf-dist/tex/generic/oberdiek/ifpdf.sty
Package: ifpdf 2011/01/30 v2.3 Provides the ifpdf switch (HO)
Package ifpdf Info: pdfTeX in PDF mode is detected.
)
Package pdftexcmds Info: LuaTeX not detected.
Package pdftexcmds Info: \pdf@primitive is available.
Package pdftexcmds Info: \pdf@ifprimitive is available.
Package pdftexcmds Info: \pdfdraftmode found.
)
(/usr/share/texlive/texmf-dist/tex/latex/oberdiek/epstopdf-base.sty
Package: epstopdf-base 2010/02/09 v2.5 Base part for package epstopdf

(/usr/share/texlive/texmf-dist/tex/latex/oberdiek/grfext.sty
Package: grfext 2010/08/19 v1.1 Manage graphics extensions (HO)

(/usr/share/texlive/texmf-dist/tex/generic/oberdiek/kvdefinekeys.sty
Package: kvdefinekeys 2011/04/07 v1.3 Define keys (HO)
))
Package grfext Info: Graphics extension search list:
(grfext)             [.png,.pdf,.jpg,.mps,.jpeg,.jbig2,.jb2,.PNG,.PDF,.JPG,.JPE
G,.JBIG2,.JB2,.eps]
(grfext)             \AppendGraphicsExtensions on input line 452.

(/usr/share/texlive/texmf-dist/tex/latex/latexconfig/epstopdf-sys.cfg
File: epstopdf-sys.cfg 2010/07/13 v1.3 Configuration of (r)epstopdf for TeX Liv
e
))
Package biblatex Info: No input encoding detected.
(biblatex)             Assuming 'ascii'.
Package biblatex Info: Automatic encoding selection.
(biblatex)             Assuming data encoding 'ascii'.
\openout3 = `fyp-report.bcf'.

Package biblatex Info: Trying to load bibliographic data...
Package biblatex Info: ... file 'fyp-report.bbl' found.

(./fyp-report.bbl)
Package biblatex Info: Reference section=0 on input line 15.
Package biblatex Info: Reference segment=0 on input line 15.
 <images/ul.jpg, id=1, 446.3877pt x 230.3004pt>
File: images/ul.jpg Graphic file (type jpg)

<use images/ul.jpg>
Package pdftex.def Info: images/ul.jpg used on input line 25.
(pdftex.def)             Requested size: 341.43306pt x 176.15463pt.


LaTeX Font Warning: Font shape `OT1/cmr/bx/sc' undefined
(Font)              using `OT1/cmr/bx/n' instead on input line 41.

[1

{/var/lib/texmf/fonts/map/pdftex/updmap/pdftex.map} <./images/ul.jpg>]
Missing character: There is no â in font cmr12!
Missing character: There is no € in font cmr12!
Missing character: There is no ™ in font cmr12!

[1] (./fyp-report.toc
LaTeX Font Info:    External font `cmex10' loaded for size
(Font)              <12> on input line 5.
LaTeX Font Info:    External font `cmex10' loaded for size
(Font)              <8> on input line 5.
LaTeX Font Info:    External font `cmex10' loaded for size
(Font)              <6> on input line 5.
 [1

])
\tf@toc=\write4
\openout4 = `fyp-report.toc'.

 [2]
Chapter 1.
[3

] [4] [5] [6] [7]
Overfull \hbox (22.56699pt too wide) in paragraph at lines 117--140
[] 
 []

[8] [9]
Chapter 2.
[10

]
Overfull \hbox (12.4678pt too wide) in paragraph at lines 179--179
[]\OT1/cmr/bx/n/17.28 Introduction to Neu-ral Net-works and Deep
 []

[11] <images/neuron.PNG, id=48, 287.57437pt x 167.12437pt>
File: images/neuron.PNG Graphic file (type png)

<use images/neuron.PNG>
Package pdftex.def Info: images/neuron.PNG used on input line 192.
(pdftex.def)             Requested size: 341.43306pt x 198.43163pt.
 [12 <./images/neuron.PNG>]
<images/functions.PNG, id=54, 539.76656pt x 143.03438pt>
File: images/functions.PNG Graphic file (type png)

<use images/functions.PNG>
Package pdftex.def Info: images/functions.PNG used on input line 204.
(pdftex.def)             Requested size: 341.43306pt x 90.47878pt.

<images/linear.PNG, id=55, 184.43906pt x 172.39406pt>
File: images/linear.PNG Graphic file (type png)
 <use images/linear.PNG>
Package pdftex.def Info: images/linear.PNG used on input line 216.
(pdftex.def)             Requested size: 341.43306pt x 319.13707pt.

[13 <./images/functions.PNG>] [14 <./images/linear.PNG>] [15]
<images/mlp.jpeg, id=67, 496.85625pt x 359.3425pt>
File: images/mlp.jpeg Graphic file (type jpg)
 <use images/mlp.jpeg>
Package pdftex.def Info: images/mlp.jpeg used on input line 253.
(pdftex.def)             Requested size: 341.43306pt x 246.93768pt.

[16 <./images/mlp.jpeg>] [17]
<images/pixels.png, id=75, 1031.855pt x 656.4525pt>
File: images/pixels.png Graphic file (type png)
 <use images/pixels.png>
Package pdftex.def Info: images/pixels.png used on input line 282.
(pdftex.def)             Requested size: 341.43306pt x 217.21095pt.

[18 <./images/pixels.png>] [19] [20]
<images/directions.png, id=91, 116.435pt x 107.40125pt>
File: images/directions.png Graphic file (type png)

<use images/directions.png>
Package pdftex.def Info: images/directions.png used on input line 314.
(pdftex.def)             Requested size: 227.62204pt x 209.98384pt.
 [21 <./images/directions.png>]
<images/orientation.png, id=95, 116.435pt x 112.42pt>
File: images/orientation.png Graphic file (type png)

<use images/orientation.png>
Package pdftex.def Info: images/orientation.png used on input line 323.
(pdftex.def)             Requested size: 227.62204pt x 219.7962pt.
 <images/canny.jpg, id=96, 734.745pt x 630.355pt>
File: images/canny.jpg Graphic file (type jpg)

<use images/canny.jpg>
Package pdftex.def Info: images/canny.jpg used on input line 331.
(pdftex.def)             Requested size: 341.43306pt x 292.92929pt.

Overfull \hbox (9.57973pt too wide) in paragraph at lines 336--336
[]\OT1/cmr/bx/n/17.28 Introduction to Con-vo-lu-tional Neu-ral Net-
 []

<images/convo.png, id=97, 843.15pt x 250.9375pt>
File: images/convo.png Graphic file (type png)
 <use images/convo.png>
Package pdftex.def Info: images/convo.png used on input line 344.
(pdftex.def)             Requested size: 341.43306pt x 101.61763pt.

[22 <./images/orientation.png>] [23 <./images/canny.jpg> <./images/convo.png>]
<images/conv.png, id=106, 526.96875pt x 150.5625pt>
File: images/conv.png Graphic file (type png)
 <use images/conv.png>
Package pdftex.def Info: images/conv.png used on input line 358.
(pdftex.def)             Requested size: 341.43306pt x 97.5566pt.

[24 <./images/conv.png>] <images/pool.png, id=111, 551.81157pt x 199.49532pt>
File: images/pool.png Graphic file (type png)

<use images/pool.png>
Package pdftex.def Info: images/pool.png used on input line 372.
(pdftex.def)             Requested size: 341.43306pt x 123.44228pt.
 [25 <./images/pool.png>] [26] [27]

LaTeX Warning: No positions in optional float specifier.
               Default added (so using `tbp') on input line 425.

[28] <images/aucroc.png, id=125, 407.5225pt x 331.2375pt>
File: images/aucroc.png Graphic file (type png)

<use images/aucroc.png>
Package pdftex.def Info: images/aucroc.png used on input line 466.
(pdftex.def)             Requested size: 341.43306pt x 277.53pt.
 [29] [30 <./images/aucroc.png>]
<images/annotations.png, id=134, 739.76375pt x 228.855pt>
File: images/annotations.png Graphic file (type png)

<use images/annotations.png>
Package pdftex.def Info: images/annotations.png used on input line 485.
(pdftex.def)             Requested size: 341.43306pt x 105.62726pt.
 [31 <./images/annotations.png>]
<images/helpers.png, id=138, 579.16376pt x 481.8pt>
File: images/helpers.png Graphic file (type png)
 <use images/helpers.png>
Package pdftex.def Info: images/helpers.png used on input line 513.
(pdftex.def)             Requested size: 341.43306pt x 284.03163pt.

[32] <images/layers.png, id=142, 584.1825pt x 287.0725pt>
File: images/layers.png Graphic file (type png)

<use images/layers.png>
Package pdftex.def Info: images/layers.png used on input line 525.
(pdftex.def)             Requested size: 341.43306pt x 167.79pt.

<images/training.png, id=143, 880.28876pt x 423.5825pt>
File: images/training.png Graphic file (type png)

<use images/training.png>
Package pdftex.def Info: images/training.png used on input line 537.
(pdftex.def)             Requested size: 341.43306pt x 164.29164pt.
 [33 <./images/helpers.png>] [34 <./images/layers.png> <./images/training.png>]
 [35] [36]
<images/baseline-graph.png, id=157, 595.22375pt x 315.1775pt>
File: images/baseline-graph.png Graphic file (type png)

<use images/baseline-graph.png>
Package pdftex.def Info: images/baseline-graph.png used on input line 603.
(pdftex.def)             Requested size: 341.43306pt x 180.79282pt.
 [37]
<images/experiment-1.png, id=161, 597.23125pt x 322.20375pt>
File: images/experiment-1.png Graphic file (type png)

<use images/experiment-1.png>
Package pdftex.def Info: images/experiment-1.png used on input line 624.
(pdftex.def)             Requested size: 341.43306pt x 184.20377pt.
 [38 <./images/baseline-graph.png>]
<images/experiment-2.png, id=165, 596.2275pt x 319.1925pt>
File: images/experiment-2.png Graphic file (type png)

<use images/experiment-2.png>
Package pdftex.def Info: images/experiment-2.png used on input line 646.
(pdftex.def)             Requested size: 341.43306pt x 182.78906pt.
 [39 <./images/experiment-1.png>]
<images/experiment-3.png, id=169, 595.22375pt x 320.19624pt>
File: images/experiment-3.png Graphic file (type png)

<use images/experiment-3.png>
Package pdftex.def Info: images/experiment-3.png used on input line 668.
(pdftex.def)             Requested size: 341.43306pt x 183.67168pt.
 [40 <./images/experiment-2.png>]
<images/experiment-4.png, id=173, 597.23125pt x 319.1925pt>
File: images/experiment-4.png Graphic file (type png)

<use images/experiment-4.png>
Package pdftex.def Info: images/experiment-4.png used on input line 691.
(pdftex.def)             Requested size: 341.43306pt x 182.48222pt.
 [41 <./images/experiment-3.png>]
<images/experiment-5.png, id=178, 602.25pt x 322.20375pt>
File: images/experiment-5.png Graphic file (type png)

<use images/experiment-5.png>
Package pdftex.def Info: images/experiment-5.png used on input line 714.
(pdftex.def)             Requested size: 341.43306pt x 182.67476pt.
 [42 <./images/experiment-4.png>]
<images/experiment-6.png, id=182, 595.22375pt x 318.18875pt>
File: images/experiment-6.png Graphic file (type png)

<use images/experiment-6.png>
Package pdftex.def Info: images/experiment-6.png used on input line 737.
(pdftex.def)             Requested size: 341.43306pt x 182.52013pt.
 [43 <./images/experiment-5.png>] [44 <./images/experiment-6.png>]
Chapter 3.
[45

] [46] <images/noisy.png, id=195, 872.25874pt x 489.83pt>
File: images/noisy.png Graphic file (type png)

<use images/noisy.png>
Package pdftex.def Info: images/noisy.png used on input line 781.
(pdftex.def)             Requested size: 341.43306pt x 191.7355pt.
 <images/street.jpg, id=196, 1284.8pt x 722.7pt>
File: images/street.jpg Graphic file (type jpg)

<use images/street.jpg>
Package pdftex.def Info: images/street.jpg used on input line 789.
(pdftex.def)             Requested size: 341.43306pt x 192.05493pt.

<images/mobilenet-full-dataset-loss.png, id=197, 878.28125pt x 416.55624pt>
File: images/mobilenet-full-dataset-loss.png Graphic file (type png)

<use images/mobilenet-full-dataset-loss.png>
Package pdftex.def Info: images/mobilenet-full-dataset-loss.png used on input l
ine 797.
(pdftex.def)             Requested size: 341.43306pt x 161.94142pt.
 [47 <./images/noisy.png>] [48 <./images/street.jpg> <./images/mobilenet-full-d
ataset-loss.png>]
<images/loss-smalldata-5k.png, id=206, 890.32625pt x 403.5075pt>
File: images/loss-smalldata-5k.png Graphic file (type png)

<use images/loss-smalldata-5k.png>
Package pdftex.def Info: images/loss-smalldata-5k.png used on input line 821.
(pdftex.def)             Requested size: 341.43306pt x 154.73824pt.

<images/map-smalldata-5k.png, id=207, 890.32625pt x 402.50375pt>
File: images/map-smalldata-5k.png Graphic file (type png)

<use images/map-smalldata-5k.png>
Package pdftex.def Info: images/map-smalldata-5k.png used on input line 829.
(pdftex.def)             Requested size: 341.43306pt x 154.35332pt.

<images/ar-smalldata-5k.png, id=208, 899.36pt x 411.5375pt>
File: images/ar-smalldata-5k.png Graphic file (type png)

<use images/ar-smalldata-5k.png>
Package pdftex.def Info: images/ar-smalldata-5k.png used on input line 837.
(pdftex.def)             Requested size: 341.43306pt x 156.23517pt.

<images/class-smalldata-500.png, id=209, 930.47626pt x 596.2275pt>
File: images/class-smalldata-500.png Graphic file (type png)

<use images/class-smalldata-500.png>
Package pdftex.def Info: images/class-smalldata-500.png used on input line 845.

(pdftex.def)             Requested size: 426.79134pt x 273.47647pt.

Overfull \hbox (36.79134pt too wide) in paragraph at lines 845--846
 [][] 
 []

[49] <images/classes-smalldata-5k.png, id=213, 937.5025pt x 601.24625pt>
File: images/classes-smalldata-5k.png Graphic file (type png)

<use images/classes-smalldata-5k.png>
Package pdftex.def Info: images/classes-smalldata-5k.png used on input line 854
.
(pdftex.def)             Requested size: 426.79134pt x 273.70508pt.

Overfull \hbox (36.79134pt too wide) in paragraph at lines 854--855
 [][] 
 []

[50 <./images/loss-smalldata-5k.png> <./images/map-smalldata-5k.png>] [51 <./im
ages/ar-smalldata-5k.png> <./images/class-smalldata-500.png>] [52 <./images/cla
sses-smalldata-5k.png>]
<images/loss-mobilenet-2.png, id=223, 895.345pt x 413.545pt>
File: images/loss-mobilenet-2.png Graphic file (type png)

<use images/loss-mobilenet-2.png>
Package pdftex.def Info: images/loss-mobilenet-2.png used on input line 879.
(pdftex.def)             Requested size: 426.79134pt x 197.13002pt.

Overfull \hbox (36.79134pt too wide) in paragraph at lines 879--880
 [][] 
 []

<images/precision-mobilenet-2.png, id=224, 920.43875pt x 452.69125pt>
File: images/precision-mobilenet-2.png Graphic file (type png)

<use images/precision-mobilenet-2.png>
Package pdftex.def Info: images/precision-mobilenet-2.png used on input line 88
7.
(pdftex.def)             Requested size: 426.79134pt x 209.9052pt.

Overfull \hbox (36.79134pt too wide) in paragraph at lines 887--888
 [][] 
 []

<images/recall-mobilenet-2.png, id=225, 899.36pt x 407.5225pt>
File: images/recall-mobilenet-2.png Graphic file (type png)

<use images/recall-mobilenet-2.png>
Package pdftex.def Info: images/recall-mobilenet-2.png used on input line 895.
(pdftex.def)             Requested size: 426.79134pt x 193.38864pt.

Overfull \hbox (36.79134pt too wide) in paragraph at lines 895--896
 [][] 
 []

[53 <./images/loss-mobilenet-2.png>] [54 <./images/precision-mobilenet-2.png> <
./images/recall-mobilenet-2.png>]
<images/loss-inception.png, id=233, 879.285pt x 409.53pt>
File: images/loss-inception.png Graphic file (type png)

<use images/loss-inception.png>
Package pdftex.def Info: images/loss-inception.png used on input line 925.
(pdftex.def)             Requested size: 426.79134pt x 198.77803pt.

Overfull \hbox (36.79134pt too wide) in paragraph at lines 925--926
 [][] 
 []

<images/precision-inception.png, id=234, 873.2625pt x 412.54124pt>
File: images/precision-inception.png Graphic file (type png)

<use images/precision-inception.png>
Package pdftex.def Info: images/precision-inception.png used on input line 933.

(pdftex.def)             Requested size: 426.79134pt x 201.61821pt.

Overfull \hbox (36.79134pt too wide) in paragraph at lines 933--934
 [][] 
 []

<images/recall-inception.png, id=235, 872.25874pt x 409.53pt>
File: images/recall-inception.png Graphic file (type png)

<use images/recall-inception.png>
Package pdftex.def Info: images/recall-inception.png used on input line 941.
(pdftex.def)             Requested size: 426.79134pt x 200.37775pt.

Overfull \hbox (36.79134pt too wide) in paragraph at lines 941--942
 [][] 
 []

[55]
Overfull \vbox (0.56287pt too high) has occurred while \output is active []


[56 <./images/loss-inception.png> <./images/precision-inception.png>] [57 <./im
ages/recall-inception.png>]
<images/no-ckpt-loss.png, id=245, 882.29625pt x 411.5375pt>
File: images/no-ckpt-loss.png Graphic file (type png)

<use images/no-ckpt-loss.png>
Package pdftex.def Info: images/no-ckpt-loss.png used on input line 964.
(pdftex.def)             Requested size: 426.79134pt x 199.07425pt.

Overfull \hbox (36.79134pt too wide) in paragraph at lines 964--965
 [][] 
 []

<images/no-ckpt-val-loss.png, id=246, 907.39pt x 418.56375pt>
File: images/no-ckpt-val-loss.png Graphic file (type png)

<use images/no-ckpt-val-loss.png>
Package pdftex.def Info: images/no-ckpt-val-loss.png used on input line 972.
(pdftex.def)             Requested size: 426.79134pt x 196.87187pt.

Overfull \hbox (36.79134pt too wide) in paragraph at lines 972--973
 [][] 
 []

<images/no-ckpt-precision.png, id=247, 862.22125pt x 412.54124pt>
File: images/no-ckpt-precision.png Graphic file (type png)

<use images/no-ckpt-precision.png>
Package pdftex.def Info: images/no-ckpt-precision.png used on input line 980.
(pdftex.def)             Requested size: 426.79134pt x 204.1991pt.

Overfull \hbox (36.79134pt too wide) in paragraph at lines 980--981
 [][] 
 []

<images/no-ckpt-recall.png, id=248, 861.2175pt x 413.545pt>
File: images/no-ckpt-recall.png Graphic file (type png)

<use images/no-ckpt-recall.png>
Package pdftex.def Info: images/no-ckpt-recall.png used on input line 988.
(pdftex.def)             Requested size: 426.79134pt x 204.94203pt.

Overfull \hbox (36.79134pt too wide) in paragraph at lines 988--989
 [][] 
 []

[58 <./images/no-ckpt-loss.png>]
Overfull \hbox (87.98741pt too wide) in paragraph at lines 999--1008
[][] 
 []

[59 <./images/no-ckpt-val-loss.png> <./images/no-ckpt-precision.png>] [60 <./im
ages/no-ckpt-recall.png>]
Chapter 4.
[61

] <images/index.png, id=262, 1304.875pt x 318.18875pt>
File: images/index.png Graphic file (type png)

<use images/index.png>
Package pdftex.def Info: images/index.png used on input line 1028.
(pdftex.def)             Requested size: 426.79134pt x 104.0704pt.

Overfull \hbox (36.79134pt too wide) in paragraph at lines 1028--1029
 [][] 
 []

<images/flask.png, id=263, 872.25874pt x 477.785pt>
File: images/flask.png Graphic file (type png)
 <use images/flask.png>
Package pdftex.def Info: images/flask.png used on input line 1041.
(pdftex.def)             Requested size: 426.79134pt x 233.77405pt.

Overfull \hbox (36.79134pt too wide) in paragraph at lines 1041--1042
 [][] 
 []

<images/flask-2.png, id=264, 833.1125pt x 382.42876pt>
File: images/flask-2.png Graphic file (type png)

<use images/flask-2.png>
Package pdftex.def Info: images/flask-2.png used on input line 1049.
(pdftex.def)             Requested size: 426.79134pt x 195.91138pt.

Overfull \hbox (36.79134pt too wide) in paragraph at lines 1049--1050
 [][] 
 []

[62 <./images/index.png>] [63 <./images/flask.png> <./images/flask-2.png>]
Chapter 5.
[64

] [65]
Overfull \hbox (8.02824pt too wide) in paragraph at lines 1066--1066
\OT1/cmr/m/it/12 IEEE Trans-ac-tions on pat-tern anal-y-sis and ma-chine in-tel
-li-gence \OT1/cmr/m/n/12 6, pp. 679{
 []


Overfull \hbox (19.68826pt too wide) in paragraph at lines 1066--1066
\OT1/cmr/m/n/12 net-works for mo-bile vi-sion ap-pli-ca-tions''. In: \OT1/cmr/m
/it/12 arXiv preprint arXiv:1704.04861\OT1/cmr/m/n/12 . 
 []

[66

]
Overfull \hbox (2.49539pt too wide) in paragraph at lines 1066--1066
[][]\OT1/cmr/m/n/12 tensorflow (2019). \OT1/cmr/m/it/12 Ob-ject De-tec-tion Dem
o\OT1/cmr/m/n/12 . ten-sor-flow. \OT1/cmr/m/sc/12 url\OT1/cmr/m/n/12 : $\OT1/cm
tt/m/n/12 https : / / github .
 []

[67] (./fyp-report.aux)

LaTeX Font Warning: Some font shapes were not available, defaults substituted.

Package logreq Info: Writing requests to 'fyp-report.run.xml'.
\openout1 = `fyp-report.run.xml'.

 ) 
Here is how much of TeX's memory you used:
 7440 strings out of 494910
 129375 string characters out of 6179835
 515498 words of memory out of 5000000
 10624 multiletter control sequences out of 15000+600000
 9317 words of font info for 33 fonts, out of 8000000 for 9000
 36 hyphenation exceptions out of 8191
 44i,8n,46p,2570b,955s stack positions out of 5000i,500n,10000p,200000b,80000s
</usr/share/texlive/texmf-dist/fonts/type1/public/amsfonts/cm/cmbx12.pfb></us
r/share/texlive/texmf-dist/fonts/type1/public/amsfonts/cm/cmcsc10.pfb></usr/sha
re/texlive/texmf-dist/fonts/type1/public/amsfonts/cm/cmex10.pfb></usr/share/tex
live/texmf-dist/fonts/type1/public/amsfonts/cm/cmmi12.pfb></usr/share/texlive/t
exmf-dist/fonts/type1/public/amsfonts/cm/cmmi6.pfb></usr/share/texlive/texmf-di
st/fonts/type1/public/amsfonts/cm/cmmi8.pfb></usr/share/texlive/texmf-dist/font
s/type1/public/amsfonts/cm/cmr12.pfb></usr/share/texlive/texmf-dist/fonts/type1
/public/amsfonts/cm/cmr8.pfb></usr/share/texlive/texmf-dist/fonts/type1/public/
amsfonts/cm/cmsy8.pfb></usr/share/texlive/texmf-dist/fonts/type1/public/amsfont
s/cm/cmti12.pfb></usr/share/texlive/texmf-dist/fonts/type1/public/amsfonts/cm/c
mtt12.pfb>
Output written on fyp-report.pdf (69 pages, 3021253 bytes).
PDF statistics:
 324 PDF objects out of 1000 (max. 8388607)
 188 compressed objects within 2 object streams
 0 named destinations out of 1000 (max. 500000)
 226 words of extra memory for PDF output out of 10000 (max. 10000000)

