\BOOKMARK [0][-]{chapter.1}{Introduction}{}% 1
\BOOKMARK [1][-]{section.1.1}{Overview of Problem Area}{chapter.1}% 2
\BOOKMARK [1][-]{section.1.2}{Objectives}{chapter.1}% 3
\BOOKMARK [2][-]{subsection.1.2.1}{Primary Objectives}{section.1.2}% 4
\BOOKMARK [2][-]{subsection.1.2.2}{Secondary Objectives}{section.1.2}% 5
\BOOKMARK [1][-]{section.1.3}{Contribution}{chapter.1}% 6
\BOOKMARK [1][-]{section.1.4}{Methodologies}{chapter.1}% 7
\BOOKMARK [1][-]{section.1.5}{Motivations}{chapter.1}% 8
\BOOKMARK [0][-]{chapter.2}{Background Research}{}% 9
\BOOKMARK [1][-]{section.2.1}{Autonomous Vehicles Overview}{chapter.2}% 10
\BOOKMARK [1][-]{section.2.2}{Introduction to Machine Learning}{chapter.2}% 11
\BOOKMARK [2][-]{subsection.2.2.1}{Supervised Learning}{section.2.2}% 12
\BOOKMARK [2][-]{subsection.2.2.2}{Unsupervised Learning}{section.2.2}% 13
\BOOKMARK [2][-]{subsection.2.2.3}{History of Neural Computing}{section.2.2}% 14
\BOOKMARK [1][-]{section.2.3}{Introduction to Neural Networks and Deep Learning}{chapter.2}% 15
\BOOKMARK [2][-]{subsection.2.3.1}{Input Nodes}{section.2.3}% 16
\BOOKMARK [2][-]{subsection.2.3.2}{Hidden Nodes}{section.2.3}% 17
\BOOKMARK [2][-]{subsection.2.3.3}{Output Nodes}{section.2.3}% 18
\BOOKMARK [2][-]{subsection.2.3.4}{XOR Problem}{section.2.3}% 19
\BOOKMARK [2][-]{subsection.2.3.5}{Multilayer Perceptron}{section.2.3}% 20
\BOOKMARK [2][-]{subsection.2.3.6}{Gradient Descent and Backpropagation}{section.2.3}% 21
\BOOKMARK [1][-]{section.2.4}{Computer Vision}{chapter.2}% 22
\BOOKMARK [2][-]{subsection.2.4.1}{Noise and Occlusion}{section.2.4}% 23
\BOOKMARK [2][-]{subsection.2.4.2}{Edge Detection}{section.2.4}% 24
\BOOKMARK [2][-]{subsection.2.4.3}{Multilayer Perceptron for Image Tasks}{section.2.4}% 25
\BOOKMARK [1][-]{section.2.5}{Introduction to Convolutional Neural Networks}{chapter.2}% 26
\BOOKMARK [2][-]{subsection.2.5.1}{Convolution Layer}{section.2.5}% 27
\BOOKMARK [2][-]{subsection.2.5.2}{Pooling Layer}{section.2.5}% 28
\BOOKMARK [2][-]{subsection.2.5.3}{Relevant Architectures}{section.2.5}% 29
\BOOKMARK [2][-]{subsection.2.5.4}{Detection Algorithms}{section.2.5}% 30
\BOOKMARK [2][-]{subsection.2.5.5}{Evaluating the Classifier}{section.2.5}% 31
\BOOKMARK [2][-]{subsection.2.5.6}{Transfer Learning}{section.2.5}% 32
\BOOKMARK [1][-]{section.2.6}{Berkeley Deep Drive}{chapter.2}% 33
\BOOKMARK [2][-]{section*.21}{Dataset}{section.2.6}% 34
\BOOKMARK [3][-]{section*.22}{Related Results}{section*.21}% 35
\BOOKMARK [1][-]{section.2.7}{Overfitting}{chapter.2}% 36
\BOOKMARK [1][-]{section.2.8}{Tensorflow Introduction and Environment Setup}{chapter.2}% 37
\BOOKMARK [2][-]{subsection.2.8.1}{MNIST Experiment}{section.2.8}% 38
\BOOKMARK [2][-]{subsection.2.8.2}{CIFAR-10 Experiment}{section.2.8}% 39
\BOOKMARK [2][-]{subsection.2.8.3}{Initial Findings}{section.2.8}% 40
\BOOKMARK [2][-]{subsection.2.8.4}{Environment Setup and Issues}{section.2.8}% 41
\BOOKMARK [3][-]{section*.24}{Tensorflow Install}{subsection.2.8.4}% 42
\BOOKMARK [3][-]{section*.25}{Memory Issues}{subsection.2.8.4}% 43
\BOOKMARK [3][-]{section*.26}{AWS Setup}{subsection.2.8.4}% 44
\BOOKMARK [0][-]{chapter.3}{Cifar-10 Further Experimentation}{}% 45
\BOOKMARK [1][-]{section.3.1}{Experiment 1: Training Steps}{chapter.3}% 46
\BOOKMARK [1][-]{section.3.2}{Experiment 2: Convolution and Pooling Layers}{chapter.3}% 47
\BOOKMARK [1][-]{section.3.3}{Experiment 3: Fully Connected Layers}{chapter.3}% 48
\BOOKMARK [1][-]{section.3.4}{Experiment 4: Convolution, Pooling and Fully Connected Layers}{chapter.3}% 49
\BOOKMARK [1][-]{section.3.5}{Experiment 5: Extra Dropout Layers}{chapter.3}% 50
\BOOKMARK [1][-]{section.3.6}{Experiment 6: Increased Training Steps}{chapter.3}% 51
\BOOKMARK [1][-]{section.3.7}{Conclusions}{chapter.3}% 52
\BOOKMARK [0][-]{chapter.4}{Empirical Studies}{}% 53
\BOOKMARK [1][-]{section.4.1}{SSD MobileNet V1 Experiments}{chapter.4}% 54
\BOOKMARK [2][-]{subsection.4.1.1}{Experiment 1: Full Dataset Retraining}{section.4.1}% 55
\BOOKMARK [2][-]{subsection.4.1.2}{Experiment 2: Partial Dataset Retraining}{section.4.1}% 56
\BOOKMARK [2][-]{subsection.4.1.3}{Experiment 3: Expanded Partial Dataset Retraining}{section.4.1}% 57
\BOOKMARK [2][-]{subsection.4.1.4}{Real-time Detection}{section.4.1}% 58
\BOOKMARK [1][-]{section.4.2}{Faster RCNN Inception V2 Experiments}{chapter.4}% 59
\BOOKMARK [2][-]{subsection.4.2.1}{Experiment 1: Pretrained Model Experiment}{section.4.2}% 60
\BOOKMARK [2][-]{subsection.4.2.2}{Experiment 2: No Pretraining Experiment}{section.4.2}% 61
\BOOKMARK [2][-]{subsection.4.2.3}{Real-time Detection}{section.4.2}% 62
\BOOKMARK [1][-]{section.4.3}{Empirical Studies Cost and Results}{chapter.4}% 63
\BOOKMARK [0][-]{chapter.5}{Application Implementation}{}% 64
\BOOKMARK [1][-]{section.5.1}{AWS Instance}{chapter.5}% 65
\BOOKMARK [1][-]{section.5.2}{Implementation}{chapter.5}% 66
\BOOKMARK [1][-]{section.5.3}{Code Snippets}{chapter.5}% 67
\BOOKMARK [0][-]{chapter.6}{Final Conclusion and Discussion}{}% 68
\BOOKMARK [1][-]{section.6.1}{Summary}{chapter.6}% 69
\BOOKMARK [1][-]{section.6.2}{Future Work}{chapter.6}% 70
\BOOKMARK [0][-]{Appendix.a.A}{Project Plan}{}% 71
\BOOKMARK [0][-]{Appendix.a.B}{Poster}{}% 72
